

erman
test
naber la
wooooooooooo It work AMK

baba dinliyonmu
test
AMKKKKK
super
[2015-05-26 11:05:05,477] [326] INFO  Storefront.Web.MvcApplication [(null)] - Initialisation of logging, config file: C:\workspace\storefront\src\Storefront.Web\logging.config
[2015-05-26 11:38:24,629] [326] INFO  Storefront.Web.MvcApplication [(null)] - Initialisation of logging, config file: C:\workspace\storefront\src\Storefront.Web\logging.config
[2015-05-26 14:27:08,750] [1] INFO  Storefront.Web.MvcApplication [(null)] - Initialisation of logging, config file: C:\workspace\storefront\src\Storefront.Web\logging.config
[2015-05-26 11:05:05,477] [326] INFO  Storefront.Web.MvcApplication [(null)] - Initialisation of logging, config file: C:\workspace\storefront\src\Storefront.Web\logging.config
[2015-05-26 11:38:24,629] [326] INFO  Storefront.Web.MvcApplication [(null)] - Initialisation of logging, config file: C:\workspace\storefront\src\Storefront.Web\logging.config
[2015-05-26 14:27:08,750] [1] INFO  Storefront.Web.MvcApplication [(null)] - Initialisation of logging, config file: C:\workspace\storefront\src\Storefront.Web\logging.config
[2015-05-26 11:05:05,477] [326] INFO  Storefront.Web.MvcApplication [(null)] - Initialisation of logging, config file: C:\workspace\storefront\src\Storefront.Web\logging.config
[2015-05-26 11:38:24,629] [326] INFO  Storefront.Web.MvcApplication [(null)] - Initialisation of logging, config file: C:\workspace\storefront\src\Storefront.Web\logging.config
[2015-05-26 14:27:08,750] [1] INFO  Storefront.Web.MvcApplication [(null)] - Initialisation of logging, config file: C:\workspace\storefront\src\Storefront.Web\logging.config
[2015-05-26 11:05:05,477] [326] INFO  Storefront.Web.MvcApplication [(null)] - Initialisation of logging, config file: C:\workspace\storefront\src\Storefront.Web\logging.config
[2015-05-26 11:38:24,629] [326] INFO  Storefront.Web.MvcApplication [(null)] - Initialisation of logging, config file: C:\workspace\storefront\src\Storefront.Web\logging.config
[2015-05-26 14:27:08,750] [1] INFO  Storefront.Web.MvcApplication [(null)] - Initialisation of logging, config file: C:\workspace\storefront\src\Storefront.Web\logging.config
logContainer
[2015-05-26 14:27:08,750] [1] INFO  Storefront.Web.MvcApplication [(null)] - Initialisation of logging, config file: C:\workspace\storefront\src\Storefront.Web\logging.config
[2015-05-26 14:27:08,750] [1] INFO  Storefront.Web.MvcApplication [(null)] - Initialisation of logging, config file: C:\workspace\storefront\src\Storefront.Web\logging.config
logContainer
[2015-05-26 14:27:08,750] [1] INFO  Storefront.Web.MvcApplication [(null)] - Initialisation of logging, config file: C:\workspace\storefront\src\Storefront.Web\logging.config
C:\workspace\storefront\src\Storefront.Web\logging.config
[2015-05-26 14:27:08,750] [1] INFO  Storefront.Web.MvcApplication [(null)] - Initialisation of logging, config file: C:\workspace\storefront\src\Storefront.Web\logging.config
logContainer
[2015-05-26 14:27:08,750] [1] INFO  Storefront.Web.MvcApplication [(null)] - Initialisation of logging, config file: C:\workspace\storefront\src\Storefront.Web\logging.config


erman
test
naber la
wooooooooooo It work AMK

baba dinliyonmu
test
AMKKKKK
super
[2015-05-26 11:05:05,477] [326] INFO  Storefront.Web.MvcApplication [(null)] - Initialisation of logging, config file: C:\workspace\storefront\src\Storefront.Web\logging.config
[2015-05-26 11:38:24,629] [326] INFO  Storefront.Web.MvcApplication [(null)] - Initialisation of logging, config file: C:\workspace\storefront\src\Storefront.Web\logging.config
[2015-05-26 14:27:08,750] [1] INFO  Storefront.Web.MvcApplication [(null)] - Initialisation of logging, config file: C:\workspace\storefront\src\Storefront.Web\logging.config
[2015-05-26 11:05:05,477] [326] INFO  Storefront.Web.MvcApplication [(null)] - Initialisation of logging, config file: C:\workspace\storefront\src\Storefront.Web\logging.config
[2015-05-26 11:38:24,629] [326] INFO  Storefront.Web.MvcApplication [(null)] - Initialisation of logging, config file: C:\workspace\storefront\src\Storefront.Web\logging.config
[2015-05-26 14:27:08,750] [1] INFO  Storefront.Web.MvcApplication [(null)] - Initialisation of logging, config file: C:\workspace\storefront\src\Storefront.Web\logging.config
[2015-05-26 11:05:05,477] [326] INFO  Storefront.Web.MvcApplication [(null)] - Initialisation of logging, config file: C:\workspace\storefront\src\Storefront.Web\logging.config
[2015-05-26 11:38:24,629] [326] INFO  Storefront.Web.MvcApplication [(null)] - Initialisation of logging, config file: C:\workspace\storefront\src\Storefront.Web\logging.config
[2015-05-26 14:27:08,750] [1] INFO  Storefront.Web.MvcApplication [(null)] - Initialisation of logging, config file: C:\workspace\storefront\src\Storefront.Web\logging.config
[2015-05-26 11:05:05,477] [326] INFO  Storefront.Web.MvcApplication [(null)] - Initialisation of logging, config file: C:\workspace\storefront\src\Storefront.Web\logging.config
[2015-05-26 11:38:24,629] [326] INFO  Storefront.Web.MvcApplication [(null)] - Initialisation of logging, config file: C:\workspace\storefront\src\Storefront.Web\logging.config
[2015-05-26 14:27:08,750] [1] INFO  Storefront.Web.MvcApplication [(null)] - Initialisation of logging, config file: C:\workspace\storefront\src\Storefront.Web\logging.config
logContainer
[2015-05-26 14:27:08,750] [1] INFO  Storefront.Web.MvcApplication [(null)] - Initialisation of logging, config file: C:\workspace\storefront\src\Storefront.Web\logging.config
[2015-05-26 14:27:08,750] [1] INFO  Storefront.Web.MvcApplication [(null)] - Initialisation of logging, config file: C:\workspace\storefront\src\Storefront.Web\logging.config
logContainer
[2015-05-26 14:27:08,750] [1] INFO  Storefront.Web.MvcApplication [(null)] - Initialisation of logging, config file: C:\workspace\storefront\src\Storefront.Web\logging.config
C:\workspace\storefront\src\Storefront.Web\logging.config
[2015-05-26 14:27:08,750] [1] INFO  Storefront.Web.MvcApplication [(null)] - Initialisation of logging, config file: C:\workspace\storefront\src\Storefront.Web\logging.config
logContainer
[2015-05-26 14:27:08,750] [1] INFO  Storefront.Web.MvcApplication [(null)] - Initialisation of logging, config file: C:\workspace\storefront\src\Storefront.Web\logging.config
[2015-05-26 14:27:08,750] [1] INFO  Storefront.Web.MvcApplication [(null)] - Initialisation of logging, config file: C:\workspace\storefront\src\Storefront.Web\logging.config
[2015-05-26 14:27:08,750] [1] INFO  Storefront.Web.MvcApplication [(null)] - Initialisation of logging, config file: C:\workspace\storefront\src\Storefront.Web\logging.config
[2015-05-26 14:27:08,750] [1] INFO  Storefront.Web.MvcApplication [(null)] - Initialisation of logging, config file: C:\workspace\storefront\src\Storefront.Web\logging.config
[2015-05-26 14:27:08,750] [1] INFO  Storefront.Web.MvcApplication [(null)] - Initialisation of logging, config file: C:\workspace\storefront\src\Storefront.Web\logging.config
haci naber
mukemmel yaa